2026-05-08 20:48:43,655 [INFO] Activator:176 - 


2026-05-08 20:48:43,657 [INFO] Activator:177 - !SESSION log4j initialized
2026-05-08 20:48:46,279 [INFO] LogOutputStream:77 - [STDOUT_REDIRECT] 
2026-05-08 20:48:48,908 [INFO] ApplicationProperties:184 - Using Application install path: C:\ST\STM32CubeIDE_1.19.0\STM32CubeIDE\plugins\com.st.stm32cube.common.mx_6.15.0.202507011659
2026-05-08 20:48:48,927 [INFO] DbMcusXml:78 - Set database path to: C:\ST\STM32CubeIDE_1.19.0\STM32CubeIDE\plugins\com.st.stm32cube.common.mx_6.15.0.202507011659\\db\/mcu/
2026-05-08 20:48:48,927 [INFO] ApiDb:274 - Set plugin database path to: C:\ST\STM32CubeIDE_1.19.0\STM32CubeIDE\plugins\com.st.stm32cube.common.mx_6.15.0.202507011659\\db\/plugins/boardmanager/
2026-05-08 20:48:48,927 [WARN] ApiDb:259 - Overriding images path with different value:  => C:\ST\STM32CubeIDE_1.19.0\STM32CubeIDE\plugins\com.st.stm32cube.common.mx_6.15.0.202507011659\\db\/plugins/mcufinder/images/
2026-05-08 20:48:48,935 [INFO] ApiDb:250 - Set database path to: C:\Users\28118944\.stmcufinder\plugins\mcufinder//mcu/
2026-05-08 20:48:48,936 [INFO] DbMcusAds:125 - Set database path to: C:\Users\28118944\.stmcufinder\plugins\mcufinder//mcu/
2026-05-08 20:48:48,938 [INFO] CrossReferenceDbSqlite:203 - Set database path to: C:\Users\28118944\.stmcufinder\plugins\mcufinder//mcu/cs/
2026-05-08 20:48:49,068 [INFO] RulesReader:64 - Compatibility file has been processed (317 Rules)
2026-05-08 20:48:49,169 [INFO] DbMcusXml:78 - Set database path to: C:\ST\STM32CubeIDE_1.19.0\STM32CubeIDE\plugins\com.st.stm32cube.common.mx_6.15.0.202507011659\\db\/mcu/
2026-05-08 20:48:49,169 [INFO] ApiDb:274 - Set plugin database path to: C:\ST\STM32CubeIDE_1.19.0\STM32CubeIDE\plugins\com.st.stm32cube.common.mx_6.15.0.202507011659\\db\/plugins/boardmanager/
2026-05-08 20:48:49,169 [INFO] ApiDb:261 - Set plugin images path to: C:\ST\STM32CubeIDE_1.19.0\STM32CubeIDE\plugins\com.st.stm32cube.common.mx_6.15.0.202507011659\\db\/plugins/mcufinder/images/
2026-05-08 20:48:49,169 [WARN] DbFile:41 - Overriding database path with different value: C:\Users\28118944\.stmcufinder\plugins\mcufinder/ => C:\Users\28118944\.stmcufinder\plugins\mcufinder
2026-05-08 20:48:49,170 [INFO] ApiDb:250 - Set database path to: C:\Users\28118944\.stmcufinder\plugins\mcufinder//mcu/
2026-05-08 20:48:49,170 [WARN] DbFile:41 - Overriding database path with different value: C:\Users\28118944\.stmcufinder\plugins\mcufinder/ => C:\Users\28118944\.stmcufinder\plugins\mcufinder
2026-05-08 20:48:49,170 [INFO] DbMcusAds:125 - Set database path to: C:\Users\28118944\.stmcufinder\plugins\mcufinder//mcu/
2026-05-08 20:48:49,170 [WARN] DbFile:41 - Overriding database path with different value: C:\Users\28118944\.stmcufinder\plugins\mcufinder/ => C:\Users\28118944\.stmcufinder\plugins\mcufinder
2026-05-08 20:48:49,170 [WARN] DbFile:41 - Overriding database path with different value: C:\Users\28118944\.stmcufinder\plugins\mcufinder/ => C:\Users\28118944\.stmcufinder\plugins\mcufinder
2026-05-08 20:48:49,170 [INFO] CrossReferenceDbSqlite:203 - Set database path to: C:\Users\28118944\.stmcufinder\plugins\mcufinder//mcu/cs/
2026-05-08 20:48:49,268 [INFO] MainPanel:274 - HeapMemory: 268435456
2026-05-08 20:48:49,416 [INFO] DbMcusXml:78 - Set database path to: C:\ST\STM32CubeIDE_1.19.0\STM32CubeIDE\plugins\com.st.stm32cube.common.mx_6.15.0.202507011659\\db\/mcu/
2026-05-08 20:48:49,416 [INFO] ApiDb:274 - Set plugin database path to: C:\ST\STM32CubeIDE_1.19.0\STM32CubeIDE\plugins\com.st.stm32cube.common.mx_6.15.0.202507011659\\db\/plugins/boardmanager/
2026-05-08 20:48:49,417 [INFO] ApiDb:261 - Set plugin images path to: C:\ST\STM32CubeIDE_1.19.0\STM32CubeIDE\plugins\com.st.stm32cube.common.mx_6.15.0.202507011659\\db\/plugins/mcufinder/images/
2026-05-08 20:48:49,417 [WARN] DbFile:41 - Overriding database path with different value: C:\Users\28118944\.stmcufinder\plugins\mcufinder/ => C:\Users\28118944\.stmcufinder\plugins\mcufinder
2026-05-08 20:48:49,417 [INFO] ApiDb:250 - Set database path to: C:\Users\28118944\.stmcufinder\plugins\mcufinder//mcu/
2026-05-08 20:48:49,417 [WARN] DbFile:41 - Overriding database path with different value: C:\Users\28118944\.stmcufinder\plugins\mcufinder/ => C:\Users\28118944\.stmcufinder\plugins\mcufinder
2026-05-08 20:48:49,417 [INFO] DbMcusAds:125 - Set database path to: C:\Users\28118944\.stmcufinder\plugins\mcufinder//mcu/
2026-05-08 20:48:49,417 [WARN] DbFile:41 - Overriding database path with different value: C:\Users\28118944\.stmcufinder\plugins\mcufinder/ => C:\Users\28118944\.stmcufinder\plugins\mcufinder
2026-05-08 20:48:49,417 [WARN] DbFile:41 - Overriding database path with different value: C:\Users\28118944\.stmcufinder\plugins\mcufinder/ => C:\Users\28118944\.stmcufinder\plugins\mcufinder
2026-05-08 20:48:49,418 [INFO] CrossReferenceDbSqlite:203 - Set database path to: C:\Users\28118944\.stmcufinder\plugins\mcufinder//mcu/cs/
2026-05-08 20:48:49,438 [INFO] ApplicationProperties:184 - Using Application install path: C:\ST\STM32CubeIDE_1.19.0\STM32CubeIDE\plugins\com.st.stm32cube.common.mx_6.15.0.202507011659
2026-05-08 20:48:49,439 [INFO] PluginManage:196 - Search for loadable plugins [exclusion list=, ]
2026-05-08 20:48:49,440 [INFO] PluginManage:310 - Check plugin analytics
2026-05-08 20:48:49,651 [INFO] AnalyticsPlugin:253 - Accepted Software Licenses: 
2026-05-08 20:48:49,652 [INFO] AnalyticsPlugin:255 - Accepted CMSIS Pack Licenses: 
2026-05-08 20:48:49,652 [INFO] AnalyticsPlugin:257 - Accepted Firmware Licenses: 
2026-05-08 20:48:49,655 [INFO] PluginManage:359 - Loaded plugin analytics (category:tool,tabindex:-1)
2026-05-08 20:48:49,656 [INFO] PluginManage:310 - Check plugin cadmodel
2026-05-08 20:48:49,664 [INFO] CADModel:105 - Init CAD model plugin
2026-05-08 20:48:49,664 [INFO] PluginManage:359 - Loaded plugin cadmodel (category:power,tabindex:5)
2026-05-08 20:48:49,664 [INFO] PluginManage:310 - Check plugin clock
2026-05-08 20:48:49,674 [INFO] PluginManage:359 - Loaded plugin clock (category:base,tabindex:2)
2026-05-08 20:48:49,674 [INFO] PluginManage:310 - Check plugin ddr
2026-05-08 20:48:49,677 [INFO] PluginManage:359 - Loaded plugin ddr (category:tool,tabindex:6)
2026-05-08 20:48:49,677 [INFO] PluginManage:310 - Check plugin filemanager
2026-05-08 20:48:49,897 [INFO] PluginManage:359 - Loaded plugin filemanager (category:base,tabindex:10)
2026-05-08 20:48:49,897 [INFO] PluginManage:310 - Check plugin ipmanager
2026-05-08 20:48:49,906 [INFO] PluginManage:359 - Loaded plugin ipmanager (category:base,tabindex:5)
2026-05-08 20:48:49,906 [INFO] PluginManage:310 - Check plugin lpbam
2026-05-08 20:48:49,914 [INFO] PluginManage:359 - Loaded plugin lpbam (category:base,tabindex:0)
2026-05-08 20:48:49,914 [INFO] PluginManage:310 - Check plugin memorymap
2026-05-08 20:48:49,930 [INFO] PluginManage:359 - Loaded plugin memorymap (category:base,tabindex:4)
2026-05-08 20:48:49,930 [INFO] PluginManage:310 - Check plugin pinoutandconfiguration
2026-05-08 20:48:49,937 [INFO] PluginManage:359 - Loaded plugin pinoutandconfiguration (category:base,tabindex:1)
2026-05-08 20:48:49,938 [INFO] PluginManage:310 - Check plugin pinoutconfig
2026-05-08 20:48:50,040 [WARN] SupportedApi:132 - Cannot load RTOS API schema: s4s-elt-must-match.1: The content of 'definitions' must match (annotation?, (simpleType | complexType)?, (unique | key | keyref)*)). A problem was found starting at: attribute.
2026-05-08 20:48:50,196 [INFO] PluginManage:359 - Loaded plugin pinoutconfig (category:base,tabindex:0)
2026-05-08 20:48:50,196 [INFO] PluginManage:310 - Check plugin power
2026-05-08 20:48:50,207 [INFO] PluginManage:359 - Loaded plugin power (category:power,tabindex:4)
2026-05-08 20:48:50,207 [INFO] PluginManage:310 - Check plugin projectmanager
2026-05-08 20:48:50,226 [INFO] PluginManage:359 - Loaded plugin projectmanager (category:projectmanager,tabindex:4)
2026-05-08 20:48:50,227 [INFO] PluginManage:310 - Check plugin rif
2026-05-08 20:48:50,236 [INFO] PluginManage:359 - Loaded plugin rif (category:base,tabindex:3)
2026-05-08 20:48:50,236 [INFO] PluginManage:310 - Check plugin thirdparty
2026-05-08 20:48:50,355 [INFO] PluginManage:359 - Loaded plugin thirdparty (category:base,tabindex:-1)
2026-05-08 20:48:50,356 [INFO] PluginManage:310 - Check plugin tools
2026-05-08 20:48:50,355 [WARN] IntegrityCheckThread:84 - waiting for thirdparty lock release [integrity check]
2026-05-08 20:48:50,356 [INFO] IntegrityCheckThread:86 - entering critical section [integrity check]
2026-05-08 20:48:50,356 [INFO] ThirdPartyUpdaterWithRetryManager:70 - Updater plugin not ready yet. [1/15]
2026-05-08 20:48:50,358 [INFO] PluginManage:359 - Loaded plugin tools (category:base,tabindex:7)
2026-05-08 20:48:50,359 [INFO] PluginManage:310 - Check plugin tutovideos
2026-05-08 20:48:50,611 [INFO] PluginManage:359 - Loaded plugin tutovideos (category:base,tabindex:-1)
2026-05-08 20:48:50,611 [INFO] PluginManage:310 - Check plugin updater
2026-05-08 20:48:50,637 [INFO] PluginManage:359 - Loaded plugin updater (category:base,tabindex:12)
2026-05-08 20:48:50,637 [INFO] PluginManage:310 - Check plugin userauth
2026-05-08 20:48:50,641 [INFO] UserAuth:118 - Init User Auth plugin
2026-05-08 20:48:50,642 [INFO] PluginManage:359 - Loaded plugin userauth (category:base,tabindex:14)
2026-05-08 20:48:50,642 [INFO] PluginManage:283 - PluginManage : Loaded plugins [18]
2026-05-08 20:48:50,889 [INFO] PinOutPanel:1589 - setPackage(No Configuration,No Configuration)
2026-05-08 20:48:50,997 [INFO] CADModel:165 - CPN selected for project level
2026-05-08 20:48:50,997 [INFO] CADModel:114 - Register for checkConnection events
2026-05-08 20:48:51,014 [INFO] IPUIPlugin:80 - create IPUIPlugin
2026-05-08 20:48:51,014 [INFO] PluginManager:220 - loadIPPluginJar : add adc
2026-05-08 20:48:51,016 [INFO] IPUIPlugin:80 - create IPUIPlugin
2026-05-08 20:48:51,017 [INFO] PluginManager:220 - loadIPPluginJar : add aes
2026-05-08 20:48:51,020 [INFO] IPUIPlugin:80 - create IPUIPlugin
2026-05-08 20:48:51,020 [INFO] PluginManager:220 - loadIPPluginJar : add can
2026-05-08 20:48:51,022 [INFO] IPUIPlugin:80 - create IPUIPlugin
2026-05-08 20:48:51,022 [INFO] PluginManager:220 - loadIPPluginJar : add comp
2026-05-08 20:48:51,025 [INFO] IPUIPlugin:80 - create IPUIPlugin
2026-05-08 20:48:51,025 [INFO] PluginManager:220 - loadIPPluginJar : add cryp
2026-05-08 20:48:51,028 [INFO] IPUIPlugin:80 - create IPUIPlugin
2026-05-08 20:48:51,028 [INFO] PluginManager:220 - loadIPPluginJar : add ddr_ctrl_phy
2026-05-08 20:48:51,030 [INFO] IPUIPlugin:80 - create IPUIPlugin
2026-05-08 20:48:51,031 [INFO] PluginManager:220 - loadIPPluginJar : add dfsdm
2026-05-08 20:48:51,035 [INFO] IPUIPlugin:80 - create IPUIPlugin
2026-05-08 20:48:51,035 [INFO] PluginManager:220 - loadIPPluginJar : add dma
2026-05-08 20:48:51,038 [INFO] IPUIPlugin:80 - create IPUIPlugin
2026-05-08 20:48:51,039 [INFO] PluginManager:220 - loadIPPluginJar : add dma3
2026-05-08 20:48:51,041 [INFO] IPUIPlugin:80 - create IPUIPlugin
2026-05-08 20:48:51,041 [INFO] PluginManager:220 - loadIPPluginJar : add extmemmanager
2026-05-08 20:48:51,043 [INFO] IPUIPlugin:80 - create IPUIPlugin
2026-05-08 20:48:51,043 [INFO] PluginManager:220 - loadIPPluginJar : add fatfs
2026-05-08 20:48:51,047 [INFO] IPUIPlugin:80 - create IPUIPlugin
2026-05-08 20:48:51,047 [INFO] PluginManager:220 - loadIPPluginJar : add fmc
2026-05-08 20:48:51,052 [INFO] IPUIPlugin:80 - create IPUIPlugin
2026-05-08 20:48:51,052 [INFO] PluginManager:220 - loadIPPluginJar : add freertos
2026-05-08 20:48:51,054 [INFO] IPUIPlugin:80 - create IPUIPlugin
2026-05-08 20:48:51,054 [INFO] PluginManager:220 - loadIPPluginJar : add genericplugin
2026-05-08 20:48:51,057 [INFO] IPUIPlugin:80 - create IPUIPlugin
2026-05-08 20:48:51,057 [INFO] PluginManager:220 - loadIPPluginJar : add gfxmmu
2026-05-08 20:48:51,061 [INFO] IPUIPlugin:80 - create IPUIPlugin
2026-05-08 20:48:51,061 [INFO] PluginManager:220 - loadIPPluginJar : add gic
2026-05-08 20:48:51,065 [INFO] IPUIPlugin:80 - create IPUIPlugin
2026-05-08 20:48:51,065 [INFO] PluginManager:220 - loadIPPluginJar : add gpio
2026-05-08 20:48:51,068 [INFO] IPUIPlugin:80 - create IPUIPlugin
2026-05-08 20:48:51,068 [INFO] PluginManager:220 - loadIPPluginJar : add gtzc
2026-05-08 20:48:51,071 [INFO] IPUIPlugin:80 - create IPUIPlugin
2026-05-08 20:48:51,071 [INFO] PluginManager:220 - loadIPPluginJar : add hash
2026-05-08 20:48:51,074 [INFO] IPUIPlugin:80 - create IPUIPlugin
2026-05-08 20:48:51,074 [INFO] PluginManager:220 - loadIPPluginJar : add i2c
2026-05-08 20:48:51,076 [INFO] IPUIPlugin:80 - create IPUIPlugin
2026-05-08 20:48:51,077 [INFO] PluginManager:220 - loadIPPluginJar : add i2s
2026-05-08 20:48:51,080 [INFO] IPUIPlugin:80 - create IPUIPlugin
2026-05-08 20:48:51,080 [INFO] PluginManager:220 - loadIPPluginJar : add i3c
2026-05-08 20:48:51,084 [INFO] IPUIPlugin:80 - create IPUIPlugin
2026-05-08 20:48:51,085 [INFO] PluginManager:220 - loadIPPluginJar : add ipddr
2026-05-08 20:48:51,091 [INFO] IPUIPlugin:80 - create IPUIPlugin
2026-05-08 20:48:51,092 [INFO] PluginManager:220 - loadIPPluginJar : add linkedlist
2026-05-08 20:48:51,095 [INFO] IPUIPlugin:80 - create IPUIPlugin
2026-05-08 20:48:51,095 [INFO] PluginManager:220 - loadIPPluginJar : add lorawan
2026-05-08 20:48:51,096 [INFO] IPUIPlugin:80 - create IPUIPlugin
2026-05-08 20:48:51,096 [INFO] PluginManager:220 - loadIPPluginJar : add ltdc
2026-05-08 20:48:51,102 [INFO] IPUIPlugin:80 - create IPUIPlugin
2026-05-08 20:48:51,102 [INFO] PluginManager:220 - loadIPPluginJar : add mdma
2026-05-08 20:48:51,106 [INFO] IPUIPlugin:80 - create IPUIPlugin
2026-05-08 20:48:51,106 [INFO] PluginManager:220 - loadIPPluginJar : add nvic
2026-05-08 20:48:51,109 [INFO] IPUIPlugin:80 - create IPUIPlugin
2026-05-08 20:48:51,109 [INFO] PluginManager:220 - loadIPPluginJar : add opamp
2026-05-08 20:48:51,112 [INFO] IPUIPlugin:80 - create IPUIPlugin
2026-05-08 20:48:51,112 [INFO] PluginManager:220 - loadIPPluginJar : add openamp
2026-05-08 20:48:51,114 [INFO] IPUIPlugin:80 - create IPUIPlugin
2026-05-08 20:48:51,114 [INFO] PluginManager:220 - loadIPPluginJar : add pdm2pcm
2026-05-08 20:48:51,120 [INFO] IPUIPlugin:80 - create IPUIPlugin
2026-05-08 20:48:51,123 [INFO] PluginManager:220 - loadIPPluginJar : add plateformsettings
2026-05-08 20:48:51,125 [INFO] IPUIPlugin:80 - create IPUIPlugin
2026-05-08 20:48:51,125 [INFO] PluginManager:220 - loadIPPluginJar : add quadspi
2026-05-08 20:48:51,127 [INFO] IPUIPlugin:80 - create IPUIPlugin
2026-05-08 20:48:51,128 [INFO] PluginManager:220 - loadIPPluginJar : add radio
2026-05-08 20:48:51,131 [INFO] IPUIPlugin:80 - create IPUIPlugin
2026-05-08 20:48:51,132 [INFO] PluginManager:220 - loadIPPluginJar : add resmgrutility
2026-05-08 20:48:51,135 [INFO] IPUIPlugin:80 - create IPUIPlugin
2026-05-08 20:48:51,135 [INFO] PluginManager:220 - loadIPPluginJar : add sai
2026-05-08 20:48:51,138 [INFO] IPUIPlugin:80 - create IPUIPlugin
2026-05-08 20:48:51,138 [INFO] PluginManager:220 - loadIPPluginJar : add spi
2026-05-08 20:48:51,144 [INFO] IPUIPlugin:80 - create IPUIPlugin
2026-05-08 20:48:51,144 [INFO] PluginManager:220 - loadIPPluginJar : add stm32_wpan
2026-05-08 20:48:51,146 [INFO] IPUIPlugin:80 - create IPUIPlugin
2026-05-08 20:48:51,146 [INFO] PluginManager:220 - loadIPPluginJar : add tim
2026-05-08 20:48:51,149 [INFO] IPUIPlugin:80 - create IPUIPlugin
2026-05-08 20:48:51,150 [INFO] PluginManager:220 - loadIPPluginJar : add touchsensing
2026-05-08 20:48:51,153 [INFO] IPUIPlugin:80 - create IPUIPlugin
2026-05-08 20:48:51,153 [INFO] PluginManager:220 - loadIPPluginJar : add tracer_emb
2026-05-08 20:48:51,155 [INFO] IPUIPlugin:80 - create IPUIPlugin
2026-05-08 20:48:51,155 [INFO] PluginManager:220 - loadIPPluginJar : add ts
2026-05-08 20:48:51,157 [INFO] IPUIPlugin:80 - create IPUIPlugin
2026-05-08 20:48:51,158 [INFO] PluginManager:220 - loadIPPluginJar : add tsc
2026-05-08 20:48:51,160 [INFO] IPUIPlugin:80 - create IPUIPlugin
2026-05-08 20:48:51,160 [INFO] PluginManager:220 - loadIPPluginJar : add ucpd
2026-05-08 20:48:51,162 [INFO] IPUIPlugin:80 - create IPUIPlugin
2026-05-08 20:48:51,162 [INFO] PluginManager:220 - loadIPPluginJar : add usart
2026-05-08 20:48:51,166 [INFO] IPUIPlugin:80 - create IPUIPlugin
2026-05-08 20:48:51,166 [INFO] PluginManager:220 - loadIPPluginJar : add usbx
2026-05-08 20:48:51,301 [FATAL] Updater:351 - Updater called before beeing initialized
2026-05-08 20:48:51,334 [INFO] RulesReader:64 - Compatibility file has been processed (317 Rules)
2026-05-08 20:48:51,350 [INFO] RulesReader:64 - Compatibility file has been processed (317 Rules)
2026-05-08 20:48:51,360 [INFO] CADModel:165 - CPN selected for project level
2026-05-08 20:48:51,361 [INFO] CADModel:114 - Register for checkConnection events
2026-05-08 20:48:51,361 [FATAL] Updater:351 - Updater called before beeing initialized
2026-05-08 20:48:51,361 [ERROR] CADModel:125 - Updater not yet initialized, retry later 
2026-05-08 20:48:51,520 [FATAL] Updater:351 - Updater called before beeing initialized
2026-05-08 20:48:51,522 [INFO] CADModel:165 - CPN selected for project level
2026-05-08 20:48:51,522 [INFO] CADModel:114 - Register for checkConnection events
2026-05-08 20:48:51,522 [FATAL] Updater:351 - Updater called before beeing initialized
2026-05-08 20:48:51,522 [ERROR] CADModel:125 - Updater not yet initialized, retry later 
2026-05-08 20:48:51,524 [FATAL] Updater:351 - Updater called before beeing initialized
2026-05-08 20:48:51,655 [FATAL] Updater:351 - Updater called before beeing initialized
2026-05-08 20:48:51,659 [INFO] DbMcusAds:53 - JSON generation date=Thu Sep 30 08:55:09 SAST 2021 (1632984909247)
2026-05-08 20:48:51,660 [FATAL] Updater:351 - Updater called before beeing initialized
2026-05-08 20:48:51,711 [WARN] DetailPanel:346 - Failed to get advertising image, set to default
2026-05-08 20:48:51,820 [FATAL] Updater:351 - Updater called before beeing initialized
2026-05-08 20:48:51,822 [FATAL] Updater:351 - Updater called before beeing initialized
2026-05-08 20:48:51,822 [FATAL] Updater:351 - Updater called before beeing initialized
2026-05-08 20:48:51,822 [WARN] DetailPanel:346 - Failed to get advertising image, set to default
2026-05-08 20:48:51,823 [FATAL] Updater:351 - Updater called before beeing initialized
2026-05-08 20:48:51,871 [ERROR] Updater:1198 - MainUpdater not yet initialized. External WinMGr cannot be set.
2026-05-08 20:48:51,873 [INFO] Updater:1134 - Updater Version found : 6.15.0
2026-05-08 20:48:51,887 [INFO] ApplicationProperties:184 - Using Application install path: C:\ST\STM32CubeIDE_1.19.0\STM32CubeIDE\plugins\com.st.stm32cube.common.mx_6.15.0.202507011659
2026-05-08 20:48:53,358 [INFO] ThirdPartyUpdaterWithRetryManager:70 - Updater plugin not ready yet. [2/15]
2026-05-08 20:48:53,470 [ERROR] LogOutputStream:75 - [STDERR_REDIRECT] May 08, 2026 8:48:53 PM java.util.prefs.WindowsPreferences <init>
2026-05-08 20:48:53,474 [ERROR] LogOutputStream:75 - [STDERR_REDIRECT] WARNING: Could not open/create prefs root node Software\JavaSoft\Prefs at root 0xffffffff80000002. Windows RegCreateKeyEx(...) returned error code 5.
2026-05-08 20:48:53,475 [ERROR] LogOutputStream:75 - [STDERR_REDIRECT] 
2026-05-08 20:48:53,795 [INFO] MainUpdater:2872 - connection check result : 10
2026-05-08 20:48:53,795 [INFO] MainUpdater:3604 - Updater definition file requires update
2026-05-08 20:48:53,796 [INFO] MainUpdater:289 - Updater Check For Update Now.
2026-05-08 20:48:53,796 [INFO] MicroXplorer:498 - Change Database Version : DB.6.0.150
2026-05-08 20:48:53,803 [INFO] McuFinderGlobals:63 - Set McuFinder mode to 2 (CubeIDE integrated)
2026-05-08 20:48:53,804 [INFO] UserAuth:171 - activating auth plugin
2026-05-08 20:48:53,806 [INFO] UserAuth:487 - Internet connection configuration mode: 1
2026-05-08 20:48:53,826 [INFO] JxBrowserEngine:152 - Initiate JxBrowser Engine with user profile folder
2026-05-08 20:48:53,836 [INFO] ServerAccessManage:452 - Complete download http(s) 200
2026-05-08 20:48:53,837 [INFO] ServerAccessManage:509 - Download File updaters.zip
2026-05-08 20:48:53,919 [INFO] FileExtend:248 - Unzip File : updaters.zip
2026-05-08 20:48:53,920 [INFO] FileExtend:263 - Standard Zip Deflate
2026-05-08 20:48:54,786 [INFO] ServerAccessManage:452 - Complete download http(s) 200
2026-05-08 20:48:54,786 [INFO] ServerAccessManage:509 - Download File PacksControlFlags.xml
2026-05-08 20:48:54,854 [INFO] ServerAccessManage:452 - Complete download http(s) 200
2026-05-08 20:48:54,855 [INFO] ServerAccessManage:509 - Download File cubemx.pidx
2026-05-08 20:48:55,108 [INFO] LoadServerUpdatesThread:375 - End of LoadServerUpdate Thread
2026-05-08 20:48:55,197 [WARN] CheckServerUpdateThread:151 - Open CheckUpdateFile Fail
2026-05-08 20:48:55,351 [INFO] WebApp:169 - Instantiating new browser for Auth
2026-05-08 20:48:55,362 [INFO] CheckServerUpdateThread:120 - End of CheckServer Thread
2026-05-08 20:48:56,251 [INFO] WebApp:463 - Apply proxy settings
2026-05-08 20:48:56,251 [INFO] WebApp:548 - Chromium requires no authentication
2026-05-08 20:48:56,262 [INFO] WebApp:491 - Direct internet connection detected
2026-05-08 20:48:56,293 [INFO] WebApp:900 - Register for checkConnection events
2026-05-08 20:48:56,293 [INFO] WebApp:463 - Apply proxy settings
2026-05-08 20:48:56,293 [INFO] WebApp:548 - Chromium requires no authentication
2026-05-08 20:48:56,294 [INFO] WebApp:491 - Direct internet connection detected
2026-05-08 20:48:56,571 [INFO] WebApp:225 - Starting web application
2026-05-08 20:48:56,571 [INFO] WebApp:593 - Web application path used C:\ST\STM32CubeIDE_1.19.0\STM32CubeIDE\plugins\com.st.stm32cube.common.mx_6.15.0.202507011659\db\plugins\mcufinder\reactClient1\index.html
2026-05-08 20:48:56,597 [WARN] PackLoader:240 - Cannot read IP mode file for STMicroelectronics.FP-ATR-ASTRA1.2.0.2
2026-05-08 20:48:56,626 [WARN] PackLoader:240 - Cannot read IP mode file for STMicroelectronics.X-CUBE-SMBUS.2.1.0
2026-05-08 20:48:56,686 [WARN] PackLoader:240 - Cannot read IP mode file for STMicroelectronics.X-CUBE-AZRTOS-F7.1.1.0
2026-05-08 20:48:56,723 [WARN] PackLoader:240 - Cannot read IP mode file for STMicroelectronics.X-CUBE-DISPLAY.3.0.0
2026-05-08 20:48:56,754 [WARN] PackLoader:240 - Cannot read IP mode file for STMicroelectronics.X-CUBE-NFC10.1.0.0
2026-05-08 20:48:56,772 [WARN] PackLoader:240 - Cannot read IP mode file for STMicroelectronics.FP-SNS-SMARTAG2.1.2.0
2026-05-08 20:48:56,782 [WARN] PackLoader:240 - Cannot read IP mode file for STMicroelectronics.FP-SNS-FLIGHT1.5.1.0
2026-05-08 20:48:56,803 [INFO] LogOutputStream:77 - [STDOUT_REDIRECT] 1 : Invalid condition id : UX_CORESTACK_Condition cause : null
2026-05-08 20:48:56,804 [INFO] LogOutputStream:77 - [STDOUT_REDIRECT] 1 : Invalid condition id : UX_CORESTACK_Condition cause : null
2026-05-08 20:48:56,807 [INFO] LogOutputStream:77 - [STDOUT_REDIRECT] 1 : Invalid condition id : UX_CORESTACK_Condition cause : null
2026-05-08 20:48:56,810 [INFO] LogOutputStream:77 - [STDOUT_REDIRECT] 1 : Invalid condition id : UX_CORESTACK_Condition cause : null
2026-05-08 20:48:56,812 [INFO] LogOutputStream:77 - [STDOUT_REDIRECT] 1 : Invalid condition id : UX_CORESTACK_Condition cause : null
2026-05-08 20:48:56,820 [WARN] PackLoader:240 - Cannot read IP mode file for STMicroelectronics.X-CUBE-AZRTOS-WL.2.0.0
2026-05-08 20:48:56,832 [WARN] PackLoader:240 - Cannot read IP mode file for STMicroelectronics.X-CUBE-BLE2.3.3.0
2026-05-08 20:48:56,844 [WARN] PackLoader:240 - Cannot read IP mode file for STMicroelectronics.X-CUBE-NFC9.1.0.0
2026-05-08 20:48:56,856 [WARN] PackLoader:240 - Cannot read IP mode file for STMicroelectronics.X-CUBE-BLE1.7.1.0
2026-05-08 20:48:56,891 [WARN] PackLoader:240 - Cannot read IP mode file for STMicroelectronics.X-CUBE-AZRTOS-G0.1.1.0
2026-05-08 20:48:56,907 [WARN] PackLoader:240 - Cannot read IP mode file for STMicroelectronics.X-CUBE-NFC4.3.0.0
2026-05-08 20:48:56,920 [WARN] PackLoader:240 - Cannot read IP mode file for STMicroelectronics.X-CUBE-TCPP.4.2.0
2026-05-08 20:48:56,931 [WARN] PackLoader:240 - Cannot read IP mode file for RealThread.X-CUBE-RT-Thread_Nano.4.1.1
2026-05-08 20:48:56,939 [WARN] PackLoader:240 - Cannot read IP mode file for STMicroelectronics.FP-ATR-SIGFOX1.3.2.0
2026-05-08 20:48:56,995 [WARN] PackLoader:240 - Cannot read IP mode file for SEGGER.I-CUBE-embOS.1.3.1
2026-05-08 20:48:57,098 [WARN] PackLoader:240 - Cannot read IP mode file for STMicroelectronics.X-CUBE-ALGOBUILD.1.4.0
2026-05-08 20:48:57,106 [WARN] PackLoader:240 - Cannot read IP mode file for STMicroelectronics.X-CUBE-PM33A1.1.0.0
2026-05-08 20:48:57,138 [WARN] PackLoader:240 - Cannot read IP mode file for STMicroelectronics.X-CUBE-AZRTOS-F4.1.1.0
2026-05-08 20:48:57,150 [WARN] PackLoader:240 - Cannot read IP mode file for STMicroelectronics.X-CUBE-ISPU.2.1.0
2026-05-08 20:48:57,176 [WARN] PackLoader:240 - Cannot read IP mode file for STMicroelectronics.X-CUBE-AZRTOS-L5.2.0.0
2026-05-08 20:48:57,190 [WARN] PackLoader:240 - Cannot read IP mode file for STMicroelectronics.X-CUBE-DPower.1.3.0
2026-05-08 20:48:57,223 [WARN] ConditionMgr:438 - getConditionDescription Invalid condition id : LAN8742 Phy interface Condition cause : null
2026-05-08 20:48:57,224 [WARN] PackLoader:240 - Cannot read IP mode file for STMicroelectronics.X-CUBE-AZRTOS-L4.2.0.0
2026-05-08 20:48:57,226 [WARN] ConditionMgr:1044 - genDependencies : Invalid condition id : LAN8742 Phy interface Condition cause : null
2026-05-08 20:48:57,227 [WARN] ConditionMgr:1044 - genDependencies : Invalid condition id : LAN8742 Phy interface Condition cause : null
2026-05-08 20:48:57,228 [WARN] ConditionMgr:1044 - genDependencies : Invalid condition id : LAN8742 Phy interface Condition cause : null
2026-05-08 20:48:57,236 [INFO] WebApp:191 - Connection restablished
2026-05-08 20:48:57,242 [WARN] PackLoader:240 - Cannot read IP mode file for STMicroelectronics.X-CUBE-SFXS2LP1.4.0.0
2026-05-08 20:48:57,267 [WARN] ConditionMgr:438 - getConditionDescription Invalid condition id : UX DEVICE CLASS RTOS Condition cause : null
2026-05-08 20:48:57,268 [WARN] ConditionMgr:438 - getConditionDescription Invalid condition id : UX DEVICE CLASS RTOS Condition cause : null
2026-05-08 20:48:57,271 [WARN] PackLoader:240 - Cannot read IP mode file for STMicroelectronics.X-CUBE-AZRTOS-WB.2.0.0
2026-05-08 20:48:57,272 [WARN] ConditionMgr:1044 - genDependencies : Invalid condition id : UX DEVICE CLASS RTOS Condition cause : null
2026-05-08 20:48:57,272 [WARN] ConditionMgr:1044 - genDependencies : Invalid condition id : UX DEVICE CLASS RTOS Condition cause : null
2026-05-08 20:48:57,273 [WARN] ConditionMgr:1044 - genDependencies : Invalid condition id : UX DEVICE CLASS RTOS Condition cause : null
2026-05-08 20:48:57,274 [WARN] ConditionMgr:1044 - genDependencies : Invalid condition id : UX DEVICE CLASS RTOS Condition cause : null
2026-05-08 20:48:57,274 [WARN] ConditionMgr:1044 - genDependencies : Invalid condition id : UX DEVICE CLASS RTOS Condition cause : null
2026-05-08 20:48:57,305 [WARN] PackLoader:240 - Cannot read IP mode file for STMicroelectronics.X-CUBE-SUBG2.5.0.0
2026-05-08 20:48:57,344 [WARN] PackLoader:240 - Cannot read IP mode file for STMicroelectronics.X-CUBE-AZRTOS-G4.2.0.0
2026-05-08 20:48:57,355 [WARN] PackLoader:240 - Cannot read IP mode file for STMicroelectronics.X-CUBE-NFC7.2.0.0
2026-05-08 20:48:57,364 [WARN] PackLoader:240 - Cannot read IP mode file for STMicroelectronics.X-CUBE-ALS.1.0.2
2026-05-08 20:48:57,383 [WARN] PackLoader:240 - Cannot read IP mode file for STMicroelectronics.X-CUBE-TOF1.3.4.3
2026-05-08 20:48:57,415 [INFO] ThirdParty:978 - Integrity check success = true
2026-05-08 20:48:57,416 [INFO] IntegrityCheckThread:100 - exiting critical section [integrity check]
2026-05-08 20:48:57,416 [INFO] IntegrityCheckThread:103 - End integrity checks thread
